2013-06-01 12:38:02.754 iVote-Mobile[37145:c07] Multi-tasking -> Device: YES, App: YES
2013-06-01 12:38:03.164 iVote-Mobile[37145:c07] Resetting plugins due to page load.
2013-06-01 12:38:03.262 iVote-Mobile[37145:c07] Finished load of: file:///Users/tmarrs/Library/Application%20Support/iPhone%20Simulator/6.1/Applications/C5976D8C-AA70-49B6-A042-7B925407E89B/iVote-Mobile.app/www/index.html
2013-06-01 12:38:03.274 iVote-Mobile[37145:c07] DEPRECATION NOTICE: The Connection ReachableViaWWAN return value of '2g' is deprecated as of Cordova version 2.6.0 and will be changed to 'cellular' in a future release. 
2013-06-01 12:38:03.285 iVote-Mobile[37145:c07] Received Event: deviceready
2013-06-01 13:21:17.441 iVote-Mobile[37655:c07] Multi-tasking -> Device: YES, App: YES
2013-06-01 13:21:17.655 iVote-Mobile[37655:c07] Resetting plugins due to page load.
2013-06-01 13:21:17.707 iVote-Mobile[37655:c07] Finished load of: file:///Users/tmarrs/Library/Application%20Support/iPhone%20Simulator/6.1/Applications/DE474F63-E5A6-4100-A5EB-3EDE13B3B289/iVote-Mobile.app/www/index.html
2013-06-01 13:21:17.718 iVote-Mobile[37655:c07] DEPRECATION NOTICE: The Connection ReachableViaWWAN return value of '2g' is deprecated as of Cordova version 2.6.0 and will be changed to 'cellular' in a future release. 
2013-06-01 13:21:17.729 iVote-Mobile[37655:c07] Received Event: deviceready
2013-06-01 13:21:38.944 iVote-Mobile[37853:c07] Multi-tasking -> Device: YES, App: YES
2013-06-01 13:21:38.980 iVote-Mobile[37853:c07] Resetting plugins due to page load.
2013-06-01 13:21:39.115 iVote-Mobile[37853:c07] DEPRECATION NOTICE: The Connection ReachableViaWWAN return value of '2g' is deprecated as of Cordova version 2.6.0 and will be changed to 'cellular' in a future release. 
2013-06-01 13:21:39.118 iVote-Mobile[37853:c07] Finished load of: file:///Users/tmarrs/Library/Application%20Support/iPhone%20Simulator/6.1/Applications/DE474F63-E5A6-4100-A5EB-3EDE13B3B289/iVote-Mobile.app/www/index.html
2013-06-01 13:47:24.038 iVote-Mobile[38295:c07] Multi-tasking -> Device: YES, App: YES
2013-06-01 13:47:24.261 iVote-Mobile[38295:c07] Resetting plugins due to page load.
2013-06-01 13:47:24.383 iVote-Mobile[38295:c07] DEPRECATION NOTICE: The Connection ReachableViaWWAN return value of '2g' is deprecated as of Cordova version 2.6.0 and will be changed to 'cellular' in a future release. 
2013-06-01 13:47:24.386 iVote-Mobile[38295:c07] Finished load of: file:///Users/tmarrs/Library/Application%20Support/iPhone%20Simulator/6.1/Applications/408E589E-9892-4387-8607-2D89402EB389/iVote-Mobile.app/www/index.html
2013-06-01 13:55:29.409 iVote-Mobile[38694:c07] Multi-tasking -> Device: YES, App: YES
2013-06-01 13:55:29.586 iVote-Mobile[38694:c07] Resetting plugins due to page load.
2013-06-01 13:55:29.723 iVote-Mobile[38694:c07] DEPRECATION NOTICE: The Connection ReachableViaWWAN return value of '2g' is deprecated as of Cordova version 2.6.0 and will be changed to 'cellular' in a future release. 
2013-06-01 13:55:29.727 iVote-Mobile[38694:c07] Finished load of: file:///Users/tmarrs/Library/Application%20Support/iPhone%20Simulator/6.1/Applications/0E3883F8-C1BE-4DF5-BF13-71B059B3678B/iVote-Mobile.app/www/index.html
2013-06-01 14:29:09.191 iVote-Mobile[39306:c07] Multi-tasking -> Device: YES, App: YES
2013-06-01 14:29:09.433 iVote-Mobile[39306:c07] Resetting plugins due to page load.
2013-06-01 14:29:09.586 iVote-Mobile[39306:c07] DEPRECATION NOTICE: The Connection ReachableViaWWAN return value of '2g' is deprecated as of Cordova version 2.6.0 and will be changed to 'cellular' in a future release. 
2013-06-01 14:29:09.591 iVote-Mobile[39306:c07] Finished load of: file:///Users/tmarrs/Library/Application%20Support/iPhone%20Simulator/6.1/Applications/2530DF1B-732C-4FC3-9585-B17F0976793F/iVote-Mobile.app/www/index.html
2013-06-01 14:36:44.170 iVote-Mobile[39394:c07] Multi-tasking -> Device: YES, App: YES
2013-06-01 14:36:44.221 iVote-Mobile[39394:c07] Resetting plugins due to page load.
2013-06-01 14:36:44.380 iVote-Mobile[39394:c07] DEPRECATION NOTICE: The Connection ReachableViaWWAN return value of '2g' is deprecated as of Cordova version 2.6.0 and will be changed to 'cellular' in a future release. 
2013-06-01 14:36:44.386 iVote-Mobile[39394:c07] Finished load of: file:///Users/tmarrs/Library/Application%20Support/iPhone%20Simulator/6.1/Applications/AC748262-A4C9-4960-A2CB-C6BC20860498/iVote-Mobile.app/www/index.html
2013-06-01 14:36:57.812 iVote-Mobile[39593:c07] Multi-tasking -> Device: YES, App: YES
2013-06-01 14:36:57.848 iVote-Mobile[39593:c07] Resetting plugins due to page load.
2013-06-01 14:36:57.965 iVote-Mobile[39593:c07] DEPRECATION NOTICE: The Connection ReachableViaWWAN return value of '2g' is deprecated as of Cordova version 2.6.0 and will be changed to 'cellular' in a future release. 
2013-06-01 14:36:57.968 iVote-Mobile[39593:c07] Finished load of: file:///Users/tmarrs/Library/Application%20Support/iPhone%20Simulator/6.1/Applications/AC748262-A4C9-4960-A2CB-C6BC20860498/iVote-Mobile.app/www/index.html
2013-06-01 14:43:06.103 iVote-Mobile[39833:c07] Multi-tasking -> Device: YES, App: YES
2013-06-01 14:43:06.298 iVote-Mobile[39833:c07] Resetting plugins due to page load.
2013-06-01 14:43:06.428 iVote-Mobile[39833:c07] DEPRECATION NOTICE: The Connection ReachableViaWWAN return value of '2g' is deprecated as of Cordova version 2.6.0 and will be changed to 'cellular' in a future release. 
2013-06-01 14:43:06.431 iVote-Mobile[39833:c07] Finished load of: file:///Users/tmarrs/Library/Application%20Support/iPhone%20Simulator/6.1/Applications/7EC00BAB-9108-4927-BC55-5F33EB9A761C/iVote-Mobile.app/www/index.html
2013-06-01 14:59:07.346 iVote-Mobile[40239:c07] Multi-tasking -> Device: YES, App: YES
2013-06-01 14:59:07.403 iVote-Mobile[40239:c07] Resetting plugins due to page load.
2013-06-01 14:59:07.552 iVote-Mobile[40239:c07] DEPRECATION NOTICE: The Connection ReachableViaWWAN return value of '2g' is deprecated as of Cordova version 2.6.0 and will be changed to 'cellular' in a future release. 
2013-06-01 14:59:07.556 iVote-Mobile[40239:c07] Finished load of: file:///Users/tmarrs/Library/Application%20Support/iPhone%20Simulator/6.1/Applications/1BC880B9-32CA-46FC-A116-C112518A0A4C/iVote-Mobile.app/www/index.html
Terminating in response to SpringBoard's termination.
2013-06-01 14:59:56.611 iVote-Mobile[40288:c07] Multi-tasking -> Device: YES, App: YES
2013-06-01 14:59:56.646 iVote-Mobile[40288:c07] Resetting plugins due to page load.
2013-06-01 14:59:56.806 iVote-Mobile[40288:c07] DEPRECATION NOTICE: The Connection ReachableViaWWAN return value of '2g' is deprecated as of Cordova version 2.6.0 and will be changed to 'cellular' in a future release. 
2013-06-01 14:59:56.810 iVote-Mobile[40288:c07] Finished load of: file:///Users/tmarrs/Library/Application%20Support/iPhone%20Simulator/6.1/Applications/1BC880B9-32CA-46FC-A116-C112518A0A4C/iVote-Mobile.app/www/index.html
2013-06-01 15:03:27.521 iVote-Mobile[40458:c07] Multi-tasking -> Device: YES, App: YES
2013-06-01 15:03:27.556 iVote-Mobile[40458:c07] Resetting plugins due to page load.
2013-06-01 15:03:27.690 iVote-Mobile[40458:c07] DEPRECATION NOTICE: The Connection ReachableViaWWAN return value of '2g' is deprecated as of Cordova version 2.6.0 and will be changed to 'cellular' in a future release. 
2013-06-01 15:03:27.694 iVote-Mobile[40458:c07] Finished load of: file:///Users/tmarrs/Library/Application%20Support/iPhone%20Simulator/6.1/Applications/1BC880B9-32CA-46FC-A116-C112518A0A4C/iVote-Mobile.app/www/index.html
2013-06-01 15:11:56.036 iVote-Mobile[40855:c07] Multi-tasking -> Device: YES, App: YES
2013-06-01 15:11:56.230 iVote-Mobile[40855:c07] Resetting plugins due to page load.
2013-06-01 15:11:56.360 iVote-Mobile[40855:c07] DEPRECATION NOTICE: The Connection ReachableViaWWAN return value of '2g' is deprecated as of Cordova version 2.6.0 and will be changed to 'cellular' in a future release. 
2013-06-01 15:11:56.364 iVote-Mobile[40855:c07] Finished load of: file:///Users/tmarrs/Library/Application%20Support/iPhone%20Simulator/6.1/Applications/83F176DC-5AD9-447E-B8E3-B637E54A070F/iVote-Mobile.app/www/index.html
Terminating in response to SpringBoard's termination.
2013-06-01 15:13:40.241 iVote-Mobile[41084:c07] Multi-tasking -> Device: YES, App: YES
2013-06-01 15:13:40.282 iVote-Mobile[41084:c07] Resetting plugins due to page load.
2013-06-01 15:13:40.422 iVote-Mobile[41084:c07] DEPRECATION NOTICE: The Connection ReachableViaWWAN return value of '2g' is deprecated as of Cordova version 2.6.0 and will be changed to 'cellular' in a future release. 
2013-06-01 15:13:40.425 iVote-Mobile[41084:c07] Finished load of: file:///Users/tmarrs/Library/Application%20Support/iPhone%20Simulator/6.1/Applications/83F176DC-5AD9-447E-B8E3-B637E54A070F/iVote-Mobile.app/www/index.html
Terminating in response to SpringBoard's termination.
2013-06-01 15:15:31.701 iVote-Mobile[41317:c07] Multi-tasking -> Device: YES, App: YES
2013-06-01 15:15:31.736 iVote-Mobile[41317:c07] Resetting plugins due to page load.
2013-06-01 15:15:31.866 iVote-Mobile[41317:c07] DEPRECATION NOTICE: The Connection ReachableViaWWAN return value of '2g' is deprecated as of Cordova version 2.6.0 and will be changed to 'cellular' in a future release. 
2013-06-01 15:15:31.870 iVote-Mobile[41317:c07] Finished load of: file:///Users/tmarrs/Library/Application%20Support/iPhone%20Simulator/6.1/Applications/83F176DC-5AD9-447E-B8E3-B637E54A070F/iVote-Mobile.app/www/index.html
Terminating in response to SpringBoard's termination.
2013-06-01 15:44:06.481 iVote-Mobile[51949:c07] Multi-tasking -> Device: YES, App: YES
2013-06-01 15:44:06.537 iVote-Mobile[51949:c07] Resetting plugins due to page load.
2013-06-01 15:44:06.682 iVote-Mobile[51949:c07] DEPRECATION NOTICE: The Connection ReachableViaWWAN return value of '2g' is deprecated as of Cordova version 2.6.0 and will be changed to 'cellular' in a future release. 
2013-06-01 15:44:06.686 iVote-Mobile[51949:c07] Finished load of: file:///Users/tmarrs/Library/Application%20Support/iPhone%20Simulator/6.1/Applications/83F176DC-5AD9-447E-B8E3-B637E54A070F/iVote-Mobile.app/www/index.html
2013-06-01 16:04:07.438 iVote-Mobile[52469:c07] Multi-tasking -> Device: YES, App: YES
2013-06-01 16:04:07.493 iVote-Mobile[52469:c07] Resetting plugins due to page load.
2013-06-01 16:04:07.647 iVote-Mobile[52469:c07] DEPRECATION NOTICE: The Connection ReachableViaWWAN return value of '2g' is deprecated as of Cordova version 2.6.0 and will be changed to 'cellular' in a future release. 
2013-06-01 16:04:07.652 iVote-Mobile[52469:c07] Finished load of: file:///Users/tmarrs/Library/Application%20Support/iPhone%20Simulator/6.1/Applications/D9DDE813-D41F-4942-872C-8A043E6CA877/iVote-Mobile.app/www/index.html
2013-06-01 16:11:19.809 iVote-Mobile[52718:c07] Multi-tasking -> Device: YES, App: YES
2013-06-01 16:11:19.859 iVote-Mobile[52718:c07] Resetting plugins due to page load.
2013-06-01 16:11:19.993 iVote-Mobile[52718:c07] DEPRECATION NOTICE: The Connection ReachableViaWWAN return value of '2g' is deprecated as of Cordova version 2.6.0 and will be changed to 'cellular' in a future release. 
2013-06-01 16:11:19.999 iVote-Mobile[52718:c07] Finished load of: file:///Users/tmarrs/Library/Application%20Support/iPhone%20Simulator/6.1/Applications/85C50286-DFA9-4AFB-8CD4-83CC3A4DD906/iVote-Mobile.app/www/index.html
2013-06-01 16:14:27.100 iVote-Mobile[52927:c07] Multi-tasking -> Device: YES, App: YES
2013-06-01 16:14:27.135 iVote-Mobile[52927:c07] Resetting plugins due to page load.
2013-06-01 16:14:27.256 iVote-Mobile[52927:c07] DEPRECATION NOTICE: The Connection ReachableViaWWAN return value of '2g' is deprecated as of Cordova version 2.6.0 and will be changed to 'cellular' in a future release. 
2013-06-01 16:14:27.260 iVote-Mobile[52927:c07] Finished load of: file:///Users/tmarrs/Library/Application%20Support/iPhone%20Simulator/6.1/Applications/85C50286-DFA9-4AFB-8CD4-83CC3A4DD906/iVote-Mobile.app/www/index.html
2013-06-01 16:18:22.978 iVote-Mobile[53167:c07] Multi-tasking -> Device: YES, App: YES
2013-06-01 16:18:23.178 iVote-Mobile[53167:c07] Resetting plugins due to page load.
2013-06-01 16:18:23.322 iVote-Mobile[53167:c07] DEPRECATION NOTICE: The Connection ReachableViaWWAN return value of '2g' is deprecated as of Cordova version 2.6.0 and will be changed to 'cellular' in a future release. 
2013-06-01 16:18:23.327 iVote-Mobile[53167:c07] Finished load of: file:///Users/tmarrs/Library/Application%20Support/iPhone%20Simulator/6.1/Applications/4947AF45-EA3B-4F7C-8BBC-30E071525564/iVote-Mobile.app/www/index.html
2013-06-01 16:19:50.293 iVote-Mobile[53167:2703] void SendDelegateMessage(NSInvocation *): delegate (webView:runJavaScriptAlertPanelWithMessage:initiatedByFrame:) failed to return after waiting 10 seconds. main run loop mode: kCFRunLoopDefaultMode
2013-06-01 16:21:17.647 iVote-Mobile[53406:c07] Multi-tasking -> Device: YES, App: YES
2013-06-01 16:21:17.859 iVote-Mobile[53406:c07] Resetting plugins due to page load.
2013-06-01 16:21:18.012 iVote-Mobile[53406:c07] DEPRECATION NOTICE: The Connection ReachableViaWWAN return value of '2g' is deprecated as of Cordova version 2.6.0 and will be changed to 'cellular' in a future release. 
2013-06-01 16:21:18.016 iVote-Mobile[53406:c07] Finished load of: file:///Users/tmarrs/Library/Application%20Support/iPhone%20Simulator/6.1/Applications/A4DF2769-7571-433A-8F0E-8EB6A472D513/iVote-Mobile.app/www/index.html
Terminating in response to SpringBoard's termination.
2013-06-01 16:22:39.615 iVote-Mobile[53461:c07] Multi-tasking -> Device: YES, App: YES
2013-06-01 16:22:39.651 iVote-Mobile[53461:c07] Resetting plugins due to page load.
2013-06-01 16:22:39.788 iVote-Mobile[53461:c07] DEPRECATION NOTICE: The Connection ReachableViaWWAN return value of '2g' is deprecated as of Cordova version 2.6.0 and will be changed to 'cellular' in a future release. 
2013-06-01 16:22:39.791 iVote-Mobile[53461:c07] Finished load of: file:///Users/tmarrs/Library/Application%20Support/iPhone%20Simulator/6.1/Applications/A4DF2769-7571-433A-8F0E-8EB6A472D513/iVote-Mobile.app/www/index.html
2013-06-01 17:15:07.410 iVote-Mobile[54180:c07] Multi-tasking -> Device: YES, App: YES
2013-06-01 17:15:07.461 iVote-Mobile[54180:c07] Resetting plugins due to page load.
2013-06-01 17:15:07.608 iVote-Mobile[54180:c07] DEPRECATION NOTICE: The Connection ReachableViaWWAN return value of '2g' is deprecated as of Cordova version 2.6.0 and will be changed to 'cellular' in a future release. 
2013-06-01 17:15:07.613 iVote-Mobile[54180:c07] Finished load of: file:///Users/tmarrs/Library/Application%20Support/iPhone%20Simulator/6.1/Applications/6BD7CF1E-709C-4004-B912-3CD6903A7DD7/iVote-Mobile.app/www/index.html
2013-06-01 17:28:57.218 iVote-Mobile[54594:c07] Multi-tasking -> Device: YES, App: YES
2013-06-01 17:28:57.269 iVote-Mobile[54594:c07] Resetting plugins due to page load.
2013-06-01 17:28:57.430 iVote-Mobile[54594:c07] DEPRECATION NOTICE: The Connection ReachableViaWWAN return value of '2g' is deprecated as of Cordova version 2.6.0 and will be changed to 'cellular' in a future release. 
2013-06-01 17:28:57.435 iVote-Mobile[54594:c07] Finished load of: file:///Users/tmarrs/Library/Application%20Support/iPhone%20Simulator/6.1/Applications/6EF9291B-6764-462B-875F-B78328F12138/iVote-Mobile.app/www/index.html
2013-06-01 19:07:44.135 iVote-Mobile[55200:c07] Multi-tasking -> Device: YES, App: YES
2013-06-01 19:07:44.182 iVote-Mobile[55200:c07] Resetting plugins due to page load.
2013-06-01 19:07:44.312 iVote-Mobile[55200:c07] DEPRECATION NOTICE: The Connection ReachableViaWWAN return value of '2g' is deprecated as of Cordova version 2.6.0 and will be changed to 'cellular' in a future release. 
2013-06-01 19:07:44.317 iVote-Mobile[55200:c07] Finished load of: file:///Users/tmarrs/Library/Application%20Support/iPhone%20Simulator/6.1/Applications/A38E19F1-63A6-42F4-A72A-1EA1FFB59B95/iVote-Mobile.app/www/index.html
2013-06-01 19:10:28.944 iVote-Mobile[55263:c07] Multi-tasking -> Device: YES, App: YES
2013-06-01 19:10:28.994 iVote-Mobile[55263:c07] Resetting plugins due to page load.
2013-06-01 19:10:29.129 iVote-Mobile[55263:c07] DEPRECATION NOTICE: The Connection ReachableViaWWAN return value of '2g' is deprecated as of Cordova version 2.6.0 and will be changed to 'cellular' in a future release. 
2013-06-01 19:10:29.132 iVote-Mobile[55263:c07] Finished load of: file:///Users/tmarrs/Library/Application%20Support/iPhone%20Simulator/6.1/Applications/A38E19F1-63A6-42F4-A72A-1EA1FFB59B95/iVote-Mobile.app/www/index.html
2013-06-01 19:10:52.993 iVote-Mobile[55263:2703] void SendDelegateMessage(NSInvocation *): delegate (webView:runJavaScriptAlertPanelWithMessage:initiatedByFrame:) failed to return after waiting 10 seconds. main run loop mode: kCFRunLoopDefaultMode
Terminating in response to SpringBoard's termination.
2013-06-01 19:17:08.955 iVote-Mobile[55328:c07] Multi-tasking -> Device: YES, App: YES
2013-06-01 19:17:08.991 iVote-Mobile[55328:c07] Resetting plugins due to page load.
2013-06-01 19:17:09.111 iVote-Mobile[55328:c07] DEPRECATION NOTICE: The Connection ReachableViaWWAN return value of '2g' is deprecated as of Cordova version 2.6.0 and will be changed to 'cellular' in a future release. 
2013-06-01 19:17:09.114 iVote-Mobile[55328:c07] Finished load of: file:///Users/tmarrs/Library/Application%20Support/iPhone%20Simulator/6.1/Applications/A38E19F1-63A6-42F4-A72A-1EA1FFB59B95/iVote-Mobile.app/www/index.html
Terminating in response to SpringBoard's termination.
2013-06-01 21:43:47.901 iVote-Mobile[56624:c07] Multi-tasking -> Device: YES, App: YES
2013-06-01 21:43:47.948 iVote-Mobile[56624:c07] Resetting plugins due to page load.
2013-06-01 21:43:48.141 iVote-Mobile[56624:c07] DEPRECATION NOTICE: The Connection ReachableViaWWAN return value of '2g' is deprecated as of Cordova version 2.6.0 and will be changed to 'cellular' in a future release. 
2013-06-01 21:43:48.145 iVote-Mobile[56624:c07] Finished load of: file:///Users/tmarrs/Library/Application%20Support/iPhone%20Simulator/6.1/Applications/A38E19F1-63A6-42F4-A72A-1EA1FFB59B95/iVote-Mobile.app/www/index.html
2013-06-01 21:44:45.208 iVote-Mobile[56846:c07] Multi-tasking -> Device: YES, App: YES
2013-06-01 21:44:45.252 iVote-Mobile[56846:c07] Resetting plugins due to page load.
2013-06-01 21:44:45.391 iVote-Mobile[56846:c07] DEPRECATION NOTICE: The Connection ReachableViaWWAN return value of '2g' is deprecated as of Cordova version 2.6.0 and will be changed to 'cellular' in a future release. 
2013-06-01 21:44:45.395 iVote-Mobile[56846:c07] Finished load of: file:///Users/tmarrs/Library/Application%20Support/iPhone%20Simulator/6.1/Applications/9A31DC48-72B8-4EC5-9548-31D8B35F20C5/iVote-Mobile.app/www/index.html
Terminating in response to SpringBoard's termination.
2013-06-02 08:20:48.088 iVote-Mobile[58427:c07] Multi-tasking -> Device: YES, App: YES
2013-06-02 08:20:48.240 iVote-Mobile[58427:c07] Resetting plugins due to page load.
2013-06-02 08:20:48.440 iVote-Mobile[58427:c07] DEPRECATION NOTICE: The Connection ReachableViaWWAN return value of '2g' is deprecated as of Cordova version 2.6.0 and will be changed to 'cellular' in a future release. 
2013-06-02 08:20:48.445 iVote-Mobile[58427:c07] Finished load of: file:///Users/tmarrs/Library/Application%20Support/iPhone%20Simulator/6.1/Applications/9A31DC48-72B8-4EC5-9548-31D8B35F20C5/iVote-Mobile.app/www/index.html
2013-06-02 08:22:48.207 iVote-Mobile[58631:c07] Multi-tasking -> Device: YES, App: YES
2013-06-02 08:22:48.456 iVote-Mobile[58631:c07] Resetting plugins due to page load.
2013-06-02 08:22:48.601 iVote-Mobile[58631:c07] DEPRECATION NOTICE: The Connection ReachableViaWWAN return value of '2g' is deprecated as of Cordova version 2.6.0 and will be changed to 'cellular' in a future release. 
2013-06-02 08:22:48.605 iVote-Mobile[58631:c07] Finished load of: file:///Users/tmarrs/Library/Application%20Support/iPhone%20Simulator/6.1/Applications/AE2958CD-EE97-4C64-98E0-CAF9CA3A255D/iVote-Mobile.app/www/index.html
2013-06-02 08:25:36.087 iVote-Mobile[58792:c07] Multi-tasking -> Device: YES, App: YES
2013-06-02 08:25:36.461 iVote-Mobile[58792:c07] Resetting plugins due to page load.
2013-06-02 08:25:36.625 iVote-Mobile[58792:c07] DEPRECATION NOTICE: The Connection ReachableViaWWAN return value of '2g' is deprecated as of Cordova version 2.6.0 and will be changed to 'cellular' in a future release. 
2013-06-02 08:25:36.629 iVote-Mobile[58792:c07] Finished load of: file:///Users/tmarrs/Library/Application%20Support/iPhone%20Simulator/6.1/Applications/7A4EA8AF-6E4E-4762-84C3-BA974830A1B0/iVote-Mobile.app/www/index.html
